\BOOKMARK [0][-]{chapter.1}{\376\377\0001\000\040\000I\000n\000d\000e\000k\000s\000\040\000p\000l\000i\000k\000\363\000w}{}% 1
\BOOKMARK [1][-]{section.1.1}{\376\377\0001\000.\0001\000\040\000L\000i\000s\000t\000a\000\040\000p\000l\000i\000k\000\363\000w}{chapter.1}% 2
\BOOKMARK [0][-]{chapter.2}{\376\377\0002\000\040\000D\000o\000k\000u\000m\000e\000n\000t\000a\000c\000j\000a\000\040\000p\000l\000i\000k\000\363\000w}{}% 3
\BOOKMARK [1][-]{section.2.1}{\376\377\0002\000.\0001\000\040\000D\000o\000k\000u\000m\000e\000n\000t\000a\000c\000j\000a\000\040\000p\000l\000i\000k\000u\000\040\000C\000:\000/\000U\000s\000e\000r\000s\000/\000j\000w\000i\000e\000c\000/\000D\000e\000s\000k\000t\000o\000p\000/\0007\0003\0001\000a\000b\0007\0001\0007\000-\000g\000r\0001\0001\000-\000r\000e\000p\000o\000/\000P\000r\000o\000j\000e\000k\000t\000/\000P\000r\000o\000j\000e\000k\000t\000\137\000L\000a\000b\000/\000f\000u\000n\000k\000c\000j\000e\000.\000c\000p\000p}{chapter.2}% 4
\BOOKMARK [2][-]{subsection.2.1.1}{\376\377\0002\000.\0001\000.\0001\000\040\000D\000o\000k\000u\000m\000e\000n\000t\000a\000c\000j\000a\000\040\000f\000u\000n\000k\000c\000j\000i}{section.2.1}% 5
\BOOKMARK [3][-]{subsubsection.2.1.1.1}{\376\377\0002\000.\0001\000.\0001\000.\0001\000\040\000C\000z\000y\000U\000l\000i\000c\000a\000\050\000\051}{subsection.2.1.1}% 6
\BOOKMARK [3][-]{subsubsection.2.1.1.2}{\376\377\0002\000.\0001\000.\0001\000.\0002\000\040\000I\000l\000e\000R\000o\000c\000z\000n\000i\000k\000o\000w\000\050\000\051}{subsection.2.1.1}% 7
\BOOKMARK [3][-]{subsubsection.2.1.1.3}{\376\377\0002\000.\0001\000.\0001\000.\0003\000\040\000L\000i\000s\000t\000a\000P\000r\000z\000e\000d\000m\000i\000o\000t\000o\000w\000\050\000\051}{subsection.2.1.1}% 8
\BOOKMARK [3][-]{subsubsection.2.1.1.4}{\376\377\0002\000.\0001\000.\0001\000.\0004\000\040\000m\000e\000n\000u\000\050\000\051}{subsection.2.1.1}% 9
\BOOKMARK [3][-]{subsubsection.2.1.1.5}{\376\377\0002\000.\0001\000.\0001\000.\0005\000\040\000M\000i\000a\000s\000t\000a\000\050\000\051}{subsection.2.1.1}% 10
\BOOKMARK [3][-]{subsubsection.2.1.1.6}{\376\377\0002\000.\0001\000.\0001\000.\0006\000\040\000s\000r\000e\000d\000n\000i\000a\000\050\000\051}{subsection.2.1.1}% 11
\BOOKMARK [3][-]{subsubsection.2.1.1.7}{\376\377\0002\000.\0001\000.\0001\000.\0007\000\040\000s\000r\000e\000d\000n\000i\000a\000O\000g\000o\000l\000n\000a\000\050\000\051}{subsection.2.1.1}% 12
\BOOKMARK [3][-]{subsubsection.2.1.1.8}{\376\377\0002\000.\0001\000.\0001\000.\0008\000\040\000S\000r\000e\000d\000n\000i\000a\000S\000z\000k\000o\000l\000y\000\050\000\051}{subsection.2.1.1}% 13
\BOOKMARK [3][-]{subsubsection.2.1.1.9}{\376\377\0002\000.\0001\000.\0001\000.\0009\000\040\000S\000r\000e\000d\000n\000i\000a\000U\000c\000z\000n\000i\000a\000\050\000\051}{subsection.2.1.1}% 14
\BOOKMARK [3][-]{subsubsection.2.1.1.10}{\376\377\0002\000.\0001\000.\0001\000.\0001\0000\000\040\000s\000r\000e\000d\000n\000i\000a\000U\000c\000z\000n\000i\000a\000\050\000\051}{subsection.2.1.1}% 15
\BOOKMARK [3][-]{subsubsection.2.1.1.11}{\376\377\0002\000.\0001\000.\0001\000.\0001\0001\000\040\000U\000l\000i\000c\000a\000\050\000\051}{subsection.2.1.1}% 16
\BOOKMARK [3][-]{subsubsection.2.1.1.12}{\376\377\0002\000.\0001\000.\0001\000.\0001\0002\000\040\000w\000p\000i\000s\000z\0001\000\050\000\051}{subsection.2.1.1}% 17
\BOOKMARK [3][-]{subsubsection.2.1.1.13}{\376\377\0002\000.\0001\000.\0001\000.\0001\0003\000\040\000w\000p\000i\000s\000z\0002\000\050\000\051}{subsection.2.1.1}% 18
\BOOKMARK [3][-]{subsubsection.2.1.1.14}{\376\377\0002\000.\0001\000.\0001\000.\0001\0004\000\040\000W\000s\000p\000o\000l\000n\000a\000M\000i\000a\000s\000t\000o\000\050\000\051}{subsection.2.1.1}% 19
\BOOKMARK [3][-]{subsubsection.2.1.1.15}{\376\377\0002\000.\0001\000.\0001\000.\0001\0005\000\040\000W\000s\000p\000o\000l\000n\000a\000U\000l\000i\000c\000a\000\050\000\051}{subsection.2.1.1}% 20
\BOOKMARK [3][-]{subsubsection.2.1.1.16}{\376\377\0002\000.\0001\000.\0001\000.\0001\0006\000\040\000W\000s\000p\000o\000l\000n\000y\000R\000o\000k\000\050\000\051}{subsection.2.1.1}% 21
\BOOKMARK [3][-]{subsubsection.2.1.1.17}{\376\377\0002\000.\0001\000.\0001\000.\0001\0007\000\040\000W\000y\000s\000w\000i\000e\000t\000l\000a\000c\000z\000\050\000\051}{subsection.2.1.1}% 22
\BOOKMARK [1][-]{section.2.2}{\376\377\0002\000.\0002\000\040\000f\000u\000n\000k\000c\000j\000e\000.\000c\000p\000p}{chapter.2}% 23
\BOOKMARK [1][-]{section.2.3}{\376\377\0002\000.\0003\000\040\000D\000o\000k\000u\000m\000e\000n\000t\000a\000c\000j\000a\000\040\000p\000l\000i\000k\000u\000\040\000C\000:\000/\000U\000s\000e\000r\000s\000/\000j\000w\000i\000e\000c\000/\000D\000e\000s\000k\000t\000o\000p\000/\0007\0003\0001\000a\000b\0007\0001\0007\000-\000g\000r\0001\0001\000-\000r\000e\000p\000o\000/\000P\000r\000o\000j\000e\000k\000t\000/\000P\000r\000o\000j\000e\000k\000t\000\137\000L\000a\000b\000/\000m\000a\000i\000n\000.\000c\000p\000p}{chapter.2}% 24
\BOOKMARK [2][-]{subsection.2.3.1}{\376\377\0002\000.\0003\000.\0001\000\040\000D\000o\000k\000u\000m\000e\000n\000t\000a\000c\000j\000a\000\040\000f\000u\000n\000k\000c\000j\000i}{section.2.3}% 25
\BOOKMARK [3][-]{subsubsection.2.3.1.1}{\376\377\0002\000.\0003\000.\0001\000.\0001\000\040\000m\000a\000i\000n\000\050\000\051}{subsection.2.3.1}% 26
\BOOKMARK [1][-]{section.2.4}{\376\377\0002\000.\0004\000\040\000m\000a\000i\000n\000.\000c\000p\000p}{chapter.2}% 27
\BOOKMARK [1][-]{section.2.5}{\376\377\0002\000.\0005\000\040\000D\000o\000k\000u\000m\000e\000n\000t\000a\000c\000j\000a\000\040\000p\000l\000i\000k\000u\000\040\000C\000:\000/\000U\000s\000e\000r\000s\000/\000j\000w\000i\000e\000c\000/\000D\000e\000s\000k\000t\000o\000p\000/\0007\0003\0001\000a\000b\0007\0001\0007\000-\000g\000r\0001\0001\000-\000r\000e\000p\000o\000/\000P\000r\000o\000j\000e\000k\000t\000/\000P\000r\000o\000j\000e\000k\000t\000\137\000L\000a\000b\000/\000N\000a\000g\001\102\000\363\000w\000e\000k\000.\000h}{chapter.2}% 28
\BOOKMARK [1][-]{section.2.6}{\376\377\0002\000.\0006\000\040\000N\000a\000g\001\102\000\363\000w\000e\000k\000.\000h}{chapter.2}% 29
\BOOKMARK [0][-]{section*.3}{\376\377\000I\000n\000d\000e\000k\000s}{}% 30
